<?xml version="1.0" encoding="UTF-8"?>
<testng-results ignored="0" total="1" passed="1" failed="0" skipped="0">
  <reporter-output>
  </reporter-output>
  <suite started-at="2025-01-13T17:26:59 IST" name="Suite" finished-at="2025-01-13T17:27:17 IST" duration-ms="18509">
    <groups>
      <group name="Master">
        <method signature="Login.loginApp()[pri:0, instance:testCases.Login@7c8c9a05]" name="loginApp" class="testCases.Login"/>
      </group> <!-- Master -->
      <group name="Regression">
        <method signature="Login.loginApp()[pri:0, instance:testCases.Login@7c8c9a05]" name="loginApp" class="testCases.Login"/>
      </group> <!-- Regression -->
    </groups>
    <test started-at="2025-01-13T17:26:59 IST" name="Test" finished-at="2025-01-13T17:27:17 IST" duration-ms="18509">
      <class name="testCases.Login">
        <test-method is-config="true" signature="setup(java.lang.String,java.lang.String)[pri:0, instance:testCases.Login@7c8c9a05]" started-at="2025-01-13T17:26:59 IST" name="setup" finished-at="2025-01-13T17:27:13 IST" duration-ms="13632" status="PASS">
          <params>
            <param index="0">
              <value>
                <![CDATA[window]]>
              </value>
            </param>
            <param index="1">
              <value>
                <![CDATA[chrome]]>
              </value>
            </param>
          </params>
          <reporter-output>
          </reporter-output>
        </test-method> <!-- setup -->
        <test-method signature="loginApp()[pri:0, instance:testCases.Login@7c8c9a05]" started-at="2025-01-13T17:27:13 IST" name="loginApp" finished-at="2025-01-13T17:27:17 IST" duration-ms="4420" status="PASS">
          <reporter-output>
          </reporter-output>
        </test-method> <!-- loginApp -->
        <test-method is-config="true" signature="tearDown()[pri:0, instance:testCases.Login@7c8c9a05]" started-at="2025-01-13T17:27:17 IST" name="tearDown" finished-at="2025-01-13T17:27:17 IST" duration-ms="215" status="PASS">
          <reporter-output>
          </reporter-output>
        </test-method> <!-- tearDown -->
      </class> <!-- testCases.Login -->
    </test> <!-- Test -->
  </suite> <!-- Suite -->
</testng-results>
